<?xml version="1.0" encoding="UTF-8"?>
<testng-results skipped="0" failed="0" ignored="0" total="0" passed="0">
  <reporter-output>
  </reporter-output>
  <suite name="com.NaveenAutomationLabsTask.AppTest" duration-ms="9" started-at="2019-04-05T17:58:05Z" finished-at="2019-04-05T17:58:05Z">
    <groups>
    </groups>
    <test name="Command line test" duration-ms="9" started-at="2019-04-05T17:58:05Z" finished-at="2019-04-05T17:58:05Z">
    </test> <!-- Command line test -->
  </suite> <!-- com.NaveenAutomationLabsTask.AppTest -->
</testng-results>
