<?xml version="1.0" encoding="UTF-8"?>
<testng-results skipped="0" failed="0" ignored="0" total="1" passed="1">
  <reporter-output>
  </reporter-output>
  <suite name="All Test" duration-ms="37808" started-at="2019-04-06T09:48:10Z" finished-at="2019-04-06T09:48:48Z">
    <groups>
    </groups>
    <test name="Agent Name and Address Verify Test" duration-ms="37808" started-at="2019-04-06T09:48:10Z" finished-at="2019-04-06T09:48:48Z">
      <class name="com.NaveenAutomationLabsTask.testScripts.testCases.TestCase_001_AgentNameVerification">
        <test-method status="PASS" signature="beforeSuite()[pri:0, instance:com.NaveenAutomationLabsTask.testScripts.testCases.TestCase_001_AgentNameVerification@23e028a9]" name="beforeSuite" is-config="true" duration-ms="116" started-at="2019-04-06T09:48:10Z" finished-at="2019-04-06T09:48:10Z">
          <reporter-output>
          </reporter-output>
        </test-method> <!-- beforeSuite -->
        <test-method status="PASS" signature="beforeTest()[pri:0, instance:com.NaveenAutomationLabsTask.testScripts.testCases.TestCase_001_AgentNameVerification@23e028a9]" name="beforeTest" is-config="true" duration-ms="6815" started-at="2019-04-06T09:48:10Z" finished-at="2019-04-06T09:48:17Z">
          <reporter-output>
          </reporter-output>
        </test-method> <!-- beforeTest -->
        <test-method status="PASS" signature="beforeClass()[pri:0, instance:com.NaveenAutomationLabsTask.testScripts.testCases.TestCase_001_AgentNameVerification@23e028a9]" name="beforeClass" is-config="true" duration-ms="14496" started-at="2019-04-06T09:48:17Z" finished-at="2019-04-06T09:48:32Z">
          <reporter-output>
          </reporter-output>
        </test-method> <!-- beforeClass -->
        <test-method status="PASS" signature="beforeMethod(java.lang.reflect.Method)[pri:0, instance:com.NaveenAutomationLabsTask.testScripts.testCases.TestCase_001_AgentNameVerification@23e028a9]" name="beforeMethod" is-config="true" duration-ms="0" started-at="2019-04-06T09:48:32Z" finished-at="2019-04-06T09:48:32Z">
          <params>
            <param index="0">
              <value>
                <![CDATA[public void com.NaveenAutomationLabsTask.testScripts.testCases.TestCase_001_AgentNameVerification.testSearchCity()]]>
              </value>
            </param>
          </params>
          <reporter-output>
          </reporter-output>
        </test-method> <!-- beforeMethod -->
        <test-method status="PASS" signature="testSearchCity()[pri:0, instance:com.NaveenAutomationLabsTask.testScripts.testCases.TestCase_001_AgentNameVerification@23e028a9]" name="testSearchCity" duration-ms="15951" started-at="2019-04-06T09:48:32Z" finished-at="2019-04-06T09:48:48Z">
          <reporter-output>
          </reporter-output>
        </test-method> <!-- testSearchCity -->
        <test-method status="PASS" signature="afterMthod(org.testng.ITestResult)[pri:0, instance:com.NaveenAutomationLabsTask.testScripts.testCases.TestCase_001_AgentNameVerification@23e028a9]" name="afterMthod" is-config="true" duration-ms="514" started-at="2019-04-06T09:48:48Z" finished-at="2019-04-06T09:48:48Z">
          <params>
            <param index="0">
              <value>
                <![CDATA[[TestResult name=testSearchCity status=SUCCESS method=TestCase_001_AgentNameVerification.testSearchCity()[pri:0, instance:com.NaveenAutomationLabsTask.testScripts.testCases.TestCase_001_AgentNameVerification@23e028a9] output={null}]]]>
              </value>
            </param>
          </params>
          <reporter-output>
          </reporter-output>
        </test-method> <!-- afterMthod -->
        <test-method status="PASS" signature="afterTest()[pri:0, instance:com.NaveenAutomationLabsTask.testScripts.testCases.TestCase_001_AgentNameVerification@23e028a9]" name="afterTest" is-config="true" duration-ms="16" started-at="2019-04-06T09:48:48Z" finished-at="2019-04-06T09:48:48Z">
          <reporter-output>
          </reporter-output>
        </test-method> <!-- afterTest -->
      </class> <!-- com.NaveenAutomationLabsTask.testScripts.testCases.TestCase_001_AgentNameVerification -->
    </test> <!-- Agent Name and Address Verify Test -->
  </suite> <!-- All Test -->
</testng-results>
